
2024-07-10 11:02:26,220 - beacon.logs.logs - INFO - Calling success with args: (<Request GET /success >,), kwargs: {}
2024-07-10 11:02:26,261 - beacon.logs.logs - INFO - success returned: <coroutine object success at 0xffff87a493f0>
2024-07-10 11:02:26,262 - beacon.logs.logs - INFO - 0.04286932945251465
2024-07-10 14:18:52,386 - beacon.logs.logs - INFO - Calling success with args: (<Request GET /success >,), kwargs: {}
2024-07-10 14:18:52,387 - beacon.logs.logs - INFO - success returned: <coroutine object success at 0xffffa2599070>
2024-07-10 14:18:52,388 - beacon.logs.logs - INFO - 0.001619100570678711
2024-07-10 14:19:51,742 - beacon.logs.logs - INFO - Calling success with args: (<Request GET /success >,), kwargs: {}
2024-07-10 14:19:51,743 - beacon.logs.logs - INFO - success returned: <coroutine object success at 0xffff91881150>
2024-07-10 14:19:51,743 - beacon.logs.logs - INFO - 0.0012867450714111328
/beacon/logs/logs.py - 1 - 2024-07-10 14:21:58,276 - /beacon/logs/logs.py - 25 - Calling success with args: (<Request GET /success >,), kwargs: {}
/beacon/logs/logs.py - 1 - 2024-07-10 14:21:58,276 - /beacon/logs/logs.py - 27 - success returned: <coroutine object success at 0xffffaa7290e0>
/beacon/logs/logs.py - 1 - 2024-07-10 14:21:58,277 - /beacon/logs/logs.py - 29 - 0.0018024444580078125
/beacon/logs/logs.py - 1 - 2024-07-10 14:22:15,422 - /beacon/logs/logs.py - 25 - Calling success with args: (<Request GET /success >,), kwargs: {}
/beacon/logs/logs.py - 1 - 2024-07-10 14:22:15,423 - /beacon/logs/logs.py - 27 - success returned: <coroutine object success at 0xffffaa728f90>
/beacon/logs/logs.py - 1 - 2024-07-10 14:22:15,424 - /beacon/logs/logs.py - 29 - 0.0015375614166259766
/beacon/logs/logs.py - 1 - MainProcess - 2024-07-10 14:23:22,993 - /beacon/logs/logs.py - 25 - Calling success with args: (<Request GET /success >,), kwargs: {}
/beacon/logs/logs.py - 1 - MainProcess - 2024-07-10 14:23:22,994 - /beacon/logs/logs.py - 27 - success returned: <coroutine object success at 0xffff84d150e0>
/beacon/logs/logs.py - 1 - MainProcess - 2024-07-10 14:23:22,994 - /beacon/logs/logs.py - 29 - 0.00153350830078125
/beacon/logs/logs.py - 1 - MainProcess - 2024-07-10 14:24:18,998 - /beacon/logs/logs.py - 25 - Calling success with args: (<Request GET /success >,), kwargs: {}
/beacon/logs/logs.py - 1 - MainProcess - 2024-07-10 14:24:18,999 - /beacon/logs/logs.py - 27 - success returned: <coroutine object success at 0xffffb3245150>
/beacon/logs/logs.py - 1 - MainProcess - 2024-07-10 14:24:19,000 - /beacon/logs/logs.py - 29 - 0.0013885498046875
/beacon/logs/logs.py - 1 - MainProcess - 2024-07-10 14:24:20,364 - /beacon/logs/logs.py - 25 - Calling success with args: (<Request GET /success >,), kwargs: {}
/beacon/logs/logs.py - 1 - MainProcess - 2024-07-10 14:24:20,364 - /beacon/logs/logs.py - 27 - success returned: <coroutine object success at 0xffffb3245cb0>
/beacon/logs/logs.py - 1 - MainProcess - 2024-07-10 14:24:20,364 - /beacon/logs/logs.py - 29 - 0.0008976459503173828
/beacon/logs/logs.py - 1 - MainProcess - 2024-07-10 14:25:00,419 - /beacon/logs/logs.py - 25 - Calling success with args: (<Request GET /success >,), kwargs: {}
/beacon/logs/logs.py - 1 - MainProcess - 2024-07-10 14:25:00,420 - /beacon/logs/logs.py - 27 - success returned: <coroutine object success at 0xffffaf1a9070>
/beacon/logs/logs.py - 1 - MainProcess - 2024-07-10 14:25:00,420 - /beacon/logs/logs.py - 29 - 0.0016226768493652344
/beacon/logs/logs.py - 1 - MainProcess - 2024-07-10 14:25:03,426 - /beacon/logs/logs.py - 25 - Calling success with args: (<Request GET /success >,), kwargs: {}
/beacon/logs/logs.py - 1 - MainProcess - 2024-07-10 14:25:03,428 - /beacon/logs/logs.py - 27 - success returned: <coroutine object success at 0xffffaf1a9150>
/beacon/logs/logs.py - 1 - MainProcess - 2024-07-10 14:25:03,431 - /beacon/logs/logs.py - 29 - 0.00440216064453125
/beacon/logs/logs.py - 281472859750416 - MainThread - 2024-07-10 14:26:37,648 - /beacon/logs/logs.py - 25 - Calling success with args: (<Request GET /success >,), kwargs: {}
/beacon/logs/logs.py - 281472859750416 - MainThread - 2024-07-10 14:26:37,649 - /beacon/logs/logs.py - 27 - success returned: <coroutine object success at 0xffff807a9070>
/beacon/logs/logs.py - 281472859750416 - MainThread - 2024-07-10 14:26:37,649 - /beacon/logs/logs.py - 29 - 0.001781463623046875
/beacon/logs/logs.py - 281472859750416 - MainThread - 2024-07-10 14:26:42,446 - /beacon/logs/logs.py - 25 - Calling success with args: (<Request GET /success >,), kwargs: {}
/beacon/logs/logs.py - 281472859750416 - MainThread - 2024-07-10 14:26:42,447 - /beacon/logs/logs.py - 27 - success returned: <coroutine object success at 0xffff807a9150>
/beacon/logs/logs.py - 281472859750416 - MainThread - 2024-07-10 14:26:42,447 - /beacon/logs/logs.py - 29 - 0.0008957386016845703
/beacon/logs/logs.py - 281472859750416 - MainThread - 2024-07-10 14:26:45,460 - /beacon/logs/logs.py - 25 - Calling success with args: (<Request GET /success >,), kwargs: {}
/beacon/logs/logs.py - 281472859750416 - MainThread - 2024-07-10 14:26:45,464 - /beacon/logs/logs.py - 27 - success returned: <coroutine object success at 0xffff807a9150>
/beacon/logs/logs.py - 281472859750416 - MainThread - 2024-07-10 14:26:45,464 - /beacon/logs/logs.py - 29 - 0.004338502883911133
/beacon/logs/logs.py - 281472859750416 - MainThread - 2024-07-10 14:27:06,092 - /beacon/logs/logs.py - 25 - Calling success with args: (<Request GET /success >,), kwargs: {}
/beacon/logs/logs.py - 281472859750416 - MainThread - 2024-07-10 14:27:06,093 - /beacon/logs/logs.py - 27 - success returned: <coroutine object success at 0xffff807a90e0>
/beacon/logs/logs.py - 281472859750416 - MainThread - 2024-07-10 14:27:06,094 - /beacon/logs/logs.py - 29 - 0.0018355846405029297
/beacon/logs/logs.py - 281472859750416 - MainThread - 2024-07-10 14:27:09,108 - /beacon/logs/logs.py - 25 - Calling success with args: (<Request GET /success >,), kwargs: {}
/beacon/logs/logs.py - 281472859750416 - MainThread - 2024-07-10 14:27:09,109 - /beacon/logs/logs.py - 27 - success returned: <coroutine object success at 0xffff807a9150>
/beacon/logs/logs.py - 281472859750416 - MainThread - 2024-07-10 14:27:09,109 - /beacon/logs/logs.py - 29 - 0.0019109249114990234
wrapper - Calling success with args: (<Request GET /success >,), kwargs: {}
wrapper - success returned: <coroutine object success at 0xffffaf121070>
wrapper - 0.0013430118560791016
logs - Calling success with args: (<Request GET /success >,), kwargs: {}
logs - success returned: <coroutine object success at 0xffff90ef9070>
logs - 0.0012981891632080078
20 - 2024-07-10 14:34:57,733 - logs.logs.py  - Calling success with args: (<Request GET /success >,), kwargs: {}
20 - 2024-07-10 14:34:57,734 - logs.logs.py  - success returned: <coroutine object success at 0xffff87865070>
20 - 2024-07-10 14:34:57,735 - logs.logs.py  - 0.0019381046295166016
INFO - 2024-07-10 14:35:42,668 - logs.logs.py  - Calling success with args: (<Request GET /success >,), kwargs: {}
INFO - 2024-07-10 14:35:42,669 - logs.logs.py  - success returned: <coroutine object success at 0xffffbbc95000>
INFO - 2024-07-10 14:35:42,669 - logs.logs.py  - 0.001195669174194336
INFO - 2024-07-10 14:40:17,235 - success((<Request GET /success >,),{})
INFO - 2024-07-10 14:40:17,236 - success((<Request GET /success >,),{}) returned <coroutine object success at 0xffff972710e0> in 1720622417.236364
INFO - 2024-07-10 14:40:23,826 - success((<Request GET /success >,),{})
INFO - 2024-07-10 14:40:23,827 - success((<Request GET /success >,),{}) returned <coroutine object success at 0xffffb8f25070> in 0.0010216236114501953
INFO - 2024-07-10 14:48:27,736 - 75267f4e-3ecb-11ef-b376-0242c0a82002 - success((<Request GET /success >,),{}) - initial call
INFO - 2024-07-10 14:48:27,736 - 75267f4e-3ecb-11ef-b376-0242c0a82002 - success((<Request GET /success >,),{}) - returned <coroutine object success at 0xffff87935070> in 0.001013040542602539
INFO - 2024-07-10 14:48:51,851 - 75267f4e-3ecb-11ef-b376-0242c0a82002 - success((<Request GET /success >,),{}) - initial call
INFO - 2024-07-10 14:48:51,852 - 75267f4e-3ecb-11ef-b376-0242c0a82002 - success((<Request GET /success >,),{}) - returned <coroutine object success at 0xffff87934f20> in 0.0009126663208007812
INFO - 2024-07-10 14:52:11,724 - fd17a608-3ecb-11ef-b923-0242c0a82002 - success((<Request GET /success >,),{}) - initial call
INFO - 2024-07-10 14:52:11,725 - fd17a608-3ecb-11ef-b923-0242c0a82002 - success((<Request GET /success >,),{}) - returned <coroutine object success at 0xffffb55010e0> in 0.0009503364562988281
INFO - 2024-07-10 14:52:16,240 - ffc8ae1a-3ecb-11ef-b923-0242c0a82002 - success((<Request GET /success >,),{}) - initial call
INFO - 2024-07-10 14:52:16,240 - ffc8ae1a-3ecb-11ef-b923-0242c0a82002 - success((<Request GET /success >,),{}) - returned <coroutine object success at 0xffffb55011c0> in 0.0006384849548339844
DEBUG - 2024-07-10 15:00:22,172 - 216c1bfa-3ecd-11ef-8285-0242c0a82002 - initialize((<Application 0xffffa6842bc0>,),{}) - initial call
ERROR - 2024-07-10 15:00:22,173 - There was an exception in  initialize
DEBUG - 2024-07-10 15:01:03,726 - 3a30c3de-3ecd-11ef-97f5-0242c0a82002 - initialize((<Application 0xffffa7a16bf0>,),{}) - initial call
ERROR - 2024-07-10 15:01:03,727 - There was an exception in  initialize
DEBUG - 2024-07-10 15:05:33,345 - dae563f2-3ecd-11ef-94c1-0242c0a82002 - initialize((<Application 0xffffa1eb7b50>,),{}) - initial call
DEBUG - 2024-07-10 15:05:33,346 - dae563f2-3ecd-11ef-94c1-0242c0a82002 - initialize((<Application 0xffffa1eb7b50>,),{}) - returned None in 0.0003483295440673828
DEBUG - 2024-07-10 15:07:39,822 - 26483766-3ece-11ef-9d61-0242c0a82002 - success((<Request GET /success >,),{}) - initial call
DEBUG - 2024-07-10 15:07:39,823 - 26483766-3ece-11ef-9d61-0242c0a82002 - success((<Request GET /success >,),{}) - returned <coroutine object success at 0xffff944f1000> in 0.000843048095703125
DEBUG - 2024-07-10 15:08:11,396 - 391a052c-3ece-11ef-8dbf-0242c0a82002 - initialize((<Application 0xffff9cc479d0>,),{}) - initial call
DEBUG - 2024-07-10 15:08:11,396 - 391a052c-3ece-11ef-8dbf-0242c0a82002 - initialize((<Application 0xffff9cc479d0>,),{}) - returned <coroutine object initialize at 0xffff9cc50d60> in 0.0002923011779785156
INFO - 2024-07-10 15:08:11,397 - Initialization done.
DEBUG - 2024-07-10 15:09:31,010 - 688e231a-3ece-11ef-852a-0242c0a82002 - initialize((<Application 0xffffaefefaf0>,),{}) - initial call
DEBUG - 2024-07-10 15:09:31,010 - 688e231a-3ece-11ef-852a-0242c0a82002 - initialize((<Application 0xffffaefefaf0>,),{}) - returned <coroutine object initialize at 0xffffaeff4d60> in 0.0003783702850341797
DEBUG - 2024-07-10 15:09:48,071 - 72b964da-3ece-11ef-852a-0242c0a82002 - success((<Request GET /success >,),{}) - initial call
DEBUG - 2024-07-10 15:09:48,072 - 72b964da-3ece-11ef-852a-0242c0a82002 - success((<Request GET /success >,),{}) - returned <coroutine object success at 0xffffaeff5000> in 0.0008261203765869141
INFO - 2024-07-10 15:12:21,194 - Initialization done
ERROR - 2024-07-10 15:12:21,194 - There was an exception in  initialize
INFO - 2024-07-10 15:12:46,195 - Initialization done
DEBUG - 2024-07-10 15:14:08,750 - 0e19f584-3ecf-11ef-a506-0242c0a82002 - initialize((<Application 0xffff8d013a90>,),{}) - initial call
DEBUG - 2024-07-10 15:14:08,751 - 0e19f584-3ecf-11ef-a506-0242c0a82002 - initialize((<Application 0xffff8d013a90>,),{}) - returned <coroutine object initialize at 0xffff8d01cd60> in 0.00035119056701660156
INFO - 2024-07-10 15:14:08,751 - Initialization done.
DEBUG - 2024-07-10 15:14:11,413 - 0fb02ea4-3ecf-11ef-a506-0242c0a82002 - success((<Request GET /success >,),{}) - initial call
DEBUG - 2024-07-10 15:14:11,465 - 0fb02ea4-3ecf-11ef-a506-0242c0a82002 - success((<Request GET /success >,),{}) - returned <coroutine object success at 0xffff8d01d000> in 0.052518367767333984
DEBUG - 2024-07-10 15:16:41,608 - 6936198e-3ecf-11ef-bf7b-0242c0a82002 - initialize((<Application 0xffffbb693b50>,),{}) - initial call
DEBUG - 2024-07-10 15:16:41,608 - 6936198e-3ecf-11ef-bf7b-0242c0a82002 - initialize((<Application 0xffffbb693b50>,),{}) - returned <coroutine object initialize at 0xffffbb698cf0> in 0.0003790855407714844
DEBUG - 2024-07-10 15:18:37,904 - ae8783a6-3ecf-11ef-811c-0242c0a82002 - initialize((<Application 0xffff82cb3af0>,),{}) - initial call
DEBUG - 2024-07-10 15:18:37,904 - ae8783a6-3ecf-11ef-811c-0242c0a82002 - initialize((<Application 0xffff82cb3af0>,),{}) - returned <coroutine object initialize at 0xffff82cbccf0> in 0.0003712177276611328
INFO - 2024-07-10 15:18:37,905 - ae8783a6-3ecf-11ef-811c-0242c0a82002 - Initialization done
